<?xml version="1.0" encoding="UTF-8"?>
<testng-results skipped="0" failed="0" total="0" passed="0">
  <reporter-output>
  </reporter-output>
  <suite name="Calendar Test Suite" duration-ms="4" started-at="2017-05-16T11:42:39Z" finished-at="2017-05-16T11:42:39Z">
    <groups>
    </groups>
    <test name="Calendar Service Unit Test Report" duration-ms="4" started-at="2017-05-16T11:42:39Z" finished-at="2017-05-16T11:42:39Z">
    </test> <!-- Calendar Service Unit Test Report -->
  </suite> <!-- Calendar Test Suite -->
</testng-results>
