# JRE version: Java(TM) SE Runtime Environment (8.0_71-b15) (build 1.8.0_71-b15)
# Java VM: Java HotSpot(TM) 64-Bit Server VM (25.71-b15 mixed mode bsd-amd64 compressed oops)
Heap:
 PSYoungGen      total 284160K, used 196872K [0x0000000795580000, 0x00000007a8080000, 0x00000007c0000000)
  eden space 263168K, 74% used [0x0000000795580000,0x00000007a15c23a0,0x00000007a5680000)
  from space 20992K, 0% used [0x00000007a6c00000,0x00000007a6c00000,0x00000007a8080000)
  to   space 21504K, 0% used [0x00000007a5680000,0x00000007a5680000,0x00000007a6b80000)
 ParOldGen       total 72192K, used 19794K [0x0000000740000000, 0x0000000744680000, 0x0000000795580000)
  object space 72192K, 27% used [0x0000000740000000,0x0000000741354948,0x0000000744680000)
 Metaspace       used 32003K, capacity 32446K, committed 32512K, reserved 1077248K
  class space    used 4150K, capacity 4290K, committed 4352K, reserved 1048576K
GC Heap History (10 events):
Event: 4.881 GC heap before
{Heap before GC invocations=5 (full 0):
 PSYoungGen      total 71680K, used 71664K [0x0000000795580000, 0x000000079a080000, 0x00000007c0000000)
  eden space 66560K, 100% used [0x0000000795580000,0x0000000799680000,0x0000000799680000)
  from space 5120K, 99% used [0x0000000799b80000,0x000000079a07c030,0x000000079a080000)
  to   space 5120K, 0% used [0x0000000799680000,0x0000000799680000,0x0000000799b80000)
 ParOldGen       total 87552K, used 17552K [0x0000000740000000, 0x0000000745580000, 0x0000000795580000)
  object space 87552K, 20% used [0x0000000740000000,0x0000000741124300,0x0000000745580000)
 Metaspace       used 19548K, capacity 19752K, committed 19968K, reserved 1067008K
  class space    used 2454K, capacity 2531K, committed 2560K, reserved 1048576K
Event: 4.896 GC heap after
Heap after GC invocations=5 (full 0):
 PSYoungGen      total 71680K, used 5088K [0x0000000795580000, 0x000000079f380000, 0x00000007c0000000)
  eden space 66560K, 0% used [0x0000000795580000,0x0000000795580000,0x0000000799680000)
  from space 5120K, 99% used [0x0000000799680000,0x0000000799b78040,0x0000000799b80000)
  to   space 14336K, 0% used [0x000000079e580000,0x000000079e580000,0x000000079f380000)
 ParOldGen       total 87552K, used 27144K [0x0000000740000000, 0x0000000745580000, 0x0000000795580000)
  object space 87552K, 31% used [0x0000000740000000,0x0000000741a82110,0x0000000745580000)
 Metaspace       used 19548K, capacity 19752K, committed 19968K, reserved 1067008K
  class space    used 2454K, capacity 2531K, committed 2560K, reserved 1048576K
}
Event: 5.240 GC heap before
{Heap before GC invocations=6 (full 0):
 PSYoungGen      total 71680K, used 71648K [0x0000000795580000, 0x000000079f380000, 0x00000007c0000000)
  eden space 66560K, 100% used [0x0000000795580000,0x0000000799680000,0x0000000799680000)
  from space 5120K, 99% used [0x0000000799680000,0x0000000799b78040,0x0000000799b80000)
  to   space 14336K, 0% used [0x000000079e580000,0x000000079e580000,0x000000079f380000)
 ParOldGen       total 87552K, used 27144K [0x0000000740000000, 0x0000000745580000, 0x0000000795580000)
  object space 87552K, 31% used [0x0000000740000000,0x0000000741a82110,0x0000000745580000)
 Metaspace       used 19549K, capacity 19752K, committed 19968K, reserved 1067008K
  class space    used 2454K, capacity 2531K, committed 2560K, reserved 1048576K
Event: 5.263 GC heap after
Heap after GC invocations=6 (full 0):
 PSYoungGen      total 145920K, used 14309K [0x0000000795580000, 0x000000079f680000, 0x00000007c0000000)
  eden space 131584K, 0% used [0x0000000795580000,0x0000000795580000,0x000000079d600000)
  from space 14336K, 99% used [0x000000079e580000,0x000000079f3796a0,0x000000079f380000)
  to   space 15872K, 0% used [0x000000079d600000,0x000000079d600000,0x000000079e580000)
 ParOldGen       total 87552K, used 27711K [0x0000000740000000, 0x0000000745580000, 0x0000000795580000)
  object space 87552K, 31% used [0x0000000740000000,0x0000000741b0ff98,0x0000000745580000)
 Metaspace       used 19549K, capacity 19752K, committed 19968K, reserved 1067008K
  class space    used 2454K, capacity 2531K, committed 2560K, reserved 1048576K
}
Event: 6.320 GC heap before
{Heap before GC invocations=7 (full 0):
 PSYoungGen      total 145920K, used 145893K [0x0000000795580000, 0x000000079f680000, 0x00000007c0000000)
  eden space 131584K, 100% used [0x0000000795580000,0x000000079d600000,0x000000079d600000)
  from space 14336K, 99% used [0x000000079e580000,0x000000079f3796a0,0x000000079f380000)
  to   space 15872K, 0% used [0x000000079d600000,0x000000079d600000,0x000000079e580000)
 ParOldGen       total 87552K, used 27711K [0x0000000740000000, 0x0000000745580000, 0x0000000795580000)
  object space 87552K, 31% used [0x0000000740000000,0x0000000741b0ff98,0x0000000745580000)
 Metaspace       used 19549K, capacity 19752K, committed 19968K, reserved 1067008K
  class space    used 2454K, capacity 2531K, committed 2560K, reserved 1048576K
Event: 6.354 GC heap after
Heap after GC invocations=7 (full 0):
 PSYoungGen      total 147456K, used 15857K [0x0000000795580000, 0x00000007a8180000, 0x00000007c0000000)
  eden space 131584K, 0% used [0x0000000795580000,0x0000000795580000,0x000000079d600000)
  from space 15872K, 99% used [0x000000079d600000,0x000000079e57c788,0x000000079e580000)
  to   space 22016K, 0% used [0x00000007a6c00000,0x00000007a6c00000,0x00000007a8180000)
 ParOldGen       total 87552K, used 36345K [0x0000000740000000, 0x0000000745580000, 0x0000000795580000)
  object space 87552K, 41% used [0x0000000740000000,0x000000074237e780,0x0000000745580000)
 Metaspace       used 19549K, capacity 19752K, committed 19968K, reserved 1067008K
  class space    used 2454K, capacity 2531K, committed 2560K, reserved 1048576K
}
Event: 6.993 GC heap before
{Heap before GC invocations=8 (full 0):
 PSYoungGen      total 147456K, used 79912K [0x0000000795580000, 0x00000007a8180000, 0x00000007c0000000)
  eden space 131584K, 48% used [0x0000000795580000,0x000000079940d978,0x000000079d600000)
  from space 15872K, 99% used [0x000000079d600000,0x000000079e57c788,0x000000079e580000)
  to   space 22016K, 0% used [0x00000007a6c00000,0x00000007a6c00000,0x00000007a8180000)
 ParOldGen       total 87552K, used 36345K [0x0000000740000000, 0x0000000745580000, 0x0000000795580000)
  object space 87552K, 41% used [0x0000000740000000,0x000000074237e780,0x0000000745580000)
 Metaspace       used 20916K, capacity 21070K, committed 21248K, reserved 1067008K
  class space    used 2641K, capacity 2692K, committed 2816K, reserved 1048576K
Event: 7.005 GC heap after
Heap after GC invocations=8 (full 0):
 PSYoungGen      total 284160K, used 11370K [0x0000000795580000, 0x00000007a8080000, 0x00000007c0000000)
  eden space 263168K, 0% used [0x0000000795580000,0x0000000795580000,0x00000007a5680000)
  from space 20992K, 54% used [0x00000007a6c00000,0x00000007a771aac8,0x00000007a8080000)
  to   space 21504K, 0% used [0x00000007a5680000,0x00000007a5680000,0x00000007a6b80000)
 ParOldGen       total 87552K, used 37001K [0x0000000740000000, 0x0000000745580000, 0x0000000795580000)
  object space 87552K, 42% used [0x0000000740000000,0x0000000742422780,0x0000000745580000)
 Metaspace       used 20916K, capacity 21070K, committed 21248K, reserved 1067008K
  class space    used 2641K, capacity 2692K, committed 2816K, reserved 1048576K
}
Event: 7.005 GC heap before
{Heap before GC invocations=9 (full 1):
 PSYoungGen      total 284160K, used 11370K [0x0000000795580000, 0x00000007a8080000, 0x00000007c0000000)
  eden space 263168K, 0% used [0x0000000795580000,0x0000000795580000,0x00000007a5680000)
  from space 20992K, 54% used [0x00000007a6c00000,0x00000007a771aac8,0x00000007a8080000)
  to   space 21504K, 0% used [0x00000007a5680000,0x00000007a5680000,0x00000007a6b80000)
 ParOldGen       total 87552K, used 37001K [0x0000000740000000, 0x0000000745580000, 0x0000000795580000)
  object space 87552K, 42% used [0x0000000740000000,0x0000000742422780,0x0000000745580000)
 Metaspace       used 20916K, capacity 21070K, committed 21248K, reserved 1067008K
  class space    used 2641K, capacity 2692K, committed 2816K, reserved 1048576K
Event: 7.062 GC heap after
Heap after GC invocations=9 (full 1):
 PSYoungGen      total 284160K, used 0K [0x0000000795580000, 0x00000007a8080000, 0x00000007c0000000)
  eden space 263168K, 0% used [0x0000000795580000,0x0000000795580000,0x00000007a5680000)
  from space 20992K, 0% used [0x00000007a6c00000,0x00000007a6c00000,0x00000007a8080000)
  to   space 21504K, 0% used [0x00000007a5680000,0x00000007a5680000,0x00000007a6b80000)
 ParOldGen       total 72192K, used 19794K [0x0000000740000000, 0x0000000744680000, 0x0000000795580000)
  object space 72192K, 27% used [0x0000000740000000,0x0000000741354948,0x0000000744680000)
 Metaspace       used 20916K, capacity 21070K, committed 21248K, reserved 1067008K
  class space    used 2641K, capacity 2692K, committed 2816K, reserved 1048576K
}

