# JRE version: Java(TM) SE Runtime Environment (8.0_71-b15) (build 1.8.0_71-b15)
# Java VM: Java HotSpot(TM) 64-Bit Server VM (25.71-b15 mixed mode bsd-amd64 compressed oops)
Heap:
 PSYoungGen      total 398848K, used 111004K [0x0000000168780000, 0x0000000183600000, 0x0000000193200000)
  eden space 371200K, 22% used [0x0000000168780000,0x000000016d8ea8d8,0x000000017f200000)
  from space 27648K, 99% used [0x0000000181500000,0x0000000182ffc878,0x0000000183000000)
  to   space 34816K, 0% used [0x000000017f200000,0x000000017f200000,0x0000000181400000)
 ParOldGen       total 65536K, used 33068K [0x0000000113200000, 0x0000000117200000, 0x0000000168780000)
  object space 65536K, 50% used [0x0000000113200000,0x000000011524b198,0x0000000117200000)
 Metaspace       used 33763K, capacity 34124K, committed 34432K, reserved 1079296K
  class space    used 4351K, capacity 4447K, committed 4480K, reserved 1048576K
GC Heap History (10 events):
Event: 6.092 GC heap before
{Heap before GC invocations=7 (full 0):
 PSYoungGen      total 145920K, used 145910K [0x0000000168780000, 0x0000000172880000, 0x0000000193200000)
  eden space 131584K, 100% used [0x0000000168780000,0x0000000170800000,0x0000000170800000)
  from space 14336K, 99% used [0x0000000171780000,0x000000017257da48,0x0000000172580000)
  to   space 15872K, 0% used [0x0000000170800000,0x0000000170800000,0x0000000171780000)
 ParOldGen       total 87552K, used 27439K [0x0000000113200000, 0x0000000118780000, 0x0000000168780000)
  object space 87552K, 31% used [0x0000000113200000,0x0000000114ccbca8,0x0000000118780000)
 Metaspace       used 19503K, capacity 19688K, committed 19968K, reserved 1067008K
  class space    used 2458K, capacity 2531K, committed 2560K, reserved 1048576K
Event: 6.123 GC heap after
Heap after GC invocations=7 (full 0):
 PSYoungGen      total 147456K, used 15871K [0x0000000168780000, 0x000000017b380000, 0x0000000193200000)
  eden space 131584K, 0% used [0x0000000168780000,0x0000000168780000,0x0000000170800000)
  from space 15872K, 99% used [0x0000000170800000,0x000000017177fc40,0x0000000171780000)
  to   space 22016K, 0% used [0x0000000179e00000,0x0000000179e00000,0x000000017b380000)
 ParOldGen       total 87552K, used 35895K [0x0000000113200000, 0x0000000118780000, 0x0000000168780000)
  object space 87552K, 40% used [0x0000000113200000,0x000000011550de40,0x0000000118780000)
 Metaspace       used 19503K, capacity 19688K, committed 19968K, reserved 1067008K
  class space    used 2458K, capacity 2531K, committed 2560K, reserved 1048576K
}
Event: 6.843 GC heap before
{Heap before GC invocations=8 (full 0):
 PSYoungGen      total 147456K, used 79928K [0x0000000168780000, 0x000000017b380000, 0x0000000193200000)
  eden space 131584K, 48% used [0x0000000168780000,0x000000016c60e620,0x0000000170800000)
  from space 15872K, 99% used [0x0000000170800000,0x000000017177fc40,0x0000000171780000)
  to   space 22016K, 0% used [0x0000000179e00000,0x0000000179e00000,0x000000017b380000)
 ParOldGen       total 87552K, used 35895K [0x0000000113200000, 0x0000000118780000, 0x0000000168780000)
  object space 87552K, 40% used [0x0000000113200000,0x000000011550de40,0x0000000118780000)
 Metaspace       used 20892K, capacity 21070K, committed 21248K, reserved 1067008K
  class space    used 2645K, capacity 2692K, committed 2816K, reserved 1048576K
Event: 6.862 GC heap after
Heap after GC invocations=8 (full 0):
 PSYoungGen      total 283136K, used 11311K [0x0000000168780000, 0x000000017b180000, 0x0000000193200000)
  eden space 263168K, 0% used [0x0000000168780000,0x0000000168780000,0x0000000178880000)
  from space 19968K, 56% used [0x0000000179e00000,0x000000017a90bea0,0x000000017b180000)
  to   space 20992K, 0% used [0x0000000178880000,0x0000000178880000,0x0000000179d00000)
 ParOldGen       total 87552K, used 36519K [0x0000000113200000, 0x0000000118780000, 0x0000000168780000)
  object space 87552K, 41% used [0x0000000113200000,0x00000001155a9e40,0x0000000118780000)
 Metaspace       used 20892K, capacity 21070K, committed 21248K, reserved 1067008K
  class space    used 2645K, capacity 2692K, committed 2816K, reserved 1048576K
}
Event: 6.862 GC heap before
{Heap before GC invocations=9 (full 1):
 PSYoungGen      total 283136K, used 11311K [0x0000000168780000, 0x000000017b180000, 0x0000000193200000)
  eden space 263168K, 0% used [0x0000000168780000,0x0000000168780000,0x0000000178880000)
  from space 19968K, 56% used [0x0000000179e00000,0x000000017a90bea0,0x000000017b180000)
  to   space 20992K, 0% used [0x0000000178880000,0x0000000178880000,0x0000000179d00000)
 ParOldGen       total 87552K, used 36519K [0x0000000113200000, 0x0000000118780000, 0x0000000168780000)
  object space 87552K, 41% used [0x0000000113200000,0x00000001155a9e40,0x0000000118780000)
 Metaspace       used 20892K, capacity 21070K, committed 21248K, reserved 1067008K
  class space    used 2645K, capacity 2692K, committed 2816K, reserved 1048576K
Event: 6.918 GC heap after
Heap after GC invocations=9 (full 1):
 PSYoungGen      total 283136K, used 0K [0x0000000168780000, 0x000000017b180000, 0x0000000193200000)
  eden space 263168K, 0% used [0x0000000168780000,0x0000000168780000,0x0000000178880000)
  from space 19968K, 0% used [0x0000000179e00000,0x0000000179e00000,0x000000017b180000)
  to   space 20992K, 0% used [0x0000000178880000,0x0000000178880000,0x0000000179d00000)
 ParOldGen       total 65536K, used 13355K [0x0000000113200000, 0x0000000117200000, 0x0000000168780000)
  object space 65536K, 20% used [0x0000000113200000,0x0000000113f0afb8,0x0000000117200000)
 Metaspace       used 20892K, capacity 21070K, committed 21248K, reserved 1067008K
  class space    used 2645K, capacity 2692K, committed 2816K, reserved 1048576K
}
Event: 28.409 GC heap before
{Heap before GC invocations=10 (full 1):
 PSYoungGen      total 283136K, used 263168K [0x0000000168780000, 0x000000017b180000, 0x0000000193200000)
  eden space 263168K, 100% used [0x0000000168780000,0x0000000178880000,0x0000000178880000)
  from space 19968K, 0% used [0x0000000179e00000,0x0000000179e00000,0x000000017b180000)
  to   space 20992K, 0% used [0x0000000178880000,0x0000000178880000,0x0000000179d00000)
 ParOldGen       total 65536K, used 13355K [0x0000000113200000, 0x0000000117200000, 0x0000000168780000)
  object space 65536K, 20% used [0x0000000113200000,0x0000000113f0afb8,0x0000000117200000)
 Metaspace       used 29342K, capacity 29532K, committed 29824K, reserved 1075200K
  class space    used 3790K, capacity 3864K, committed 3968K, reserved 1048576K
Event: 28.450 GC heap after
Heap after GC invocations=10 (full 1):
 PSYoungGen      total 284160K, used 20971K [0x0000000168780000, 0x0000000183000000, 0x0000000193200000)
  eden space 263168K, 0% used [0x0000000168780000,0x0000000168780000,0x0000000178880000)
  from space 20992K, 99% used [0x0000000178880000,0x0000000179cfac90,0x0000000179d00000)
  to   space 27648K, 0% used [0x0000000181500000,0x0000000181500000,0x0000000183000000)
 ParOldGen       total 65536K, used 23138K [0x0000000113200000, 0x0000000117200000, 0x0000000168780000)
  object space 65536K, 35% used [0x0000000113200000,0x0000000114898850,0x0000000117200000)
 Metaspace       used 29342K, capacity 29532K, committed 29824K, reserved 1075200K
  class space    used 3790K, capacity 3864K, committed 3968K, reserved 1048576K
}
Event: 56.870 GC heap before
{Heap before GC invocations=11 (full 1):
 PSYoungGen      total 284160K, used 284139K [0x0000000168780000, 0x0000000183000000, 0x0000000193200000)
  eden space 263168K, 100% used [0x0000000168780000,0x0000000178880000,0x0000000178880000)
  from space 20992K, 99% used [0x0000000178880000,0x0000000179cfac90,0x0000000179d00000)
  to   space 27648K, 0% used [0x0000000181500000,0x0000000181500000,0x0000000183000000)
 ParOldGen       total 65536K, used 23138K [0x0000000113200000, 0x0000000117200000, 0x0000000168780000)
  object space 65536K, 35% used [0x0000000113200000,0x0000000114898850,0x0000000117200000)
 Metaspace       used 29601K, capacity 29864K, committed 30336K, reserved 1075200K
  class space    used 3815K, capacity 3866K, committed 3968K, reserved 1048576K
Event: 56.955 GC heap after
Heap after GC invocations=11 (full 1):
 PSYoungGen      total 398848K, used 27634K [0x0000000168780000, 0x0000000183600000, 0x0000000193200000)
  eden space 371200K, 0% used [0x0000000168780000,0x0000000168780000,0x000000017f200000)
  from space 27648K, 99% used [0x0000000181500000,0x0000000182ffc878,0x0000000183000000)
  to   space 34816K, 0% used [0x000000017f200000,0x000000017f200000,0x0000000181400000)
 ParOldGen       total 65536K, used 33068K [0x0000000113200000, 0x0000000117200000, 0x0000000168780000)
  object space 65536K, 50% used [0x0000000113200000,0x000000011524b198,0x0000000117200000)
 Metaspace       used 29601K, capacity 29864K, committed 30336K, reserved 1075200K
  class space    used 3815K, capacity 3866K, committed 3968K, reserved 1048576K
}

