# JRE version: Java(TM) SE Runtime Environment (8.0_71-b15) (build 1.8.0_71-b15)
# Java VM: Java HotSpot(TM) 64-Bit Server VM (25.71-b15 mixed mode bsd-amd64 compressed oops)
Heap:
 PSYoungGen      total 146432K, used 118557K [0x0000000795580000, 0x00000007a4680000, 0x00000007c0000000)
  eden space 133120K, 89% used [0x0000000795580000,0x000000079c9474c0,0x000000079d780000)
  from space 13312K, 0% used [0x000000079d780000,0x000000079d780000,0x000000079e480000)
  to   space 16896K, 0% used [0x00000007a3600000,0x00000007a3600000,0x00000007a4680000)
 ParOldGen       total 70144K, used 21351K [0x0000000740000000, 0x0000000744480000, 0x0000000795580000)
  object space 70144K, 30% used [0x0000000740000000,0x00000007414d9c90,0x0000000744480000)
 Metaspace       used 31561K, capacity 31940K, committed 32256K, reserved 1077248K
  class space    used 4114K, capacity 4243K, committed 4352K, reserved 1048576K
GC Heap History (10 events):
Event: 5.026 GC heap before
{Heap before GC invocations=6 (full 0):
 PSYoungGen      total 38400K, used 38368K [0x0000000795580000, 0x000000079ab80000, 0x00000007c0000000)
  eden space 33280K, 100% used [0x0000000795580000,0x0000000797600000,0x0000000797600000)
  from space 5120K, 99% used [0x0000000797600000,0x0000000797af8020,0x0000000797b00000)
  to   space 10752K, 0% used [0x000000079a100000,0x000000079a100000,0x000000079ab80000)
 ParOldGen       total 87552K, used 22390K [0x0000000740000000, 0x0000000745580000, 0x0000000795580000)
  object space 87552K, 25% used [0x0000000740000000,0x00000007415ddb28,0x0000000745580000)
 Metaspace       used 19522K, capacity 19752K, committed 19968K, reserved 1067008K
  class space    used 2458K, capacity 2531K, committed 2560K, reserved 1048576K
Event: 5.043 GC heap after
Heap after GC invocations=6 (full 0):
 PSYoungGen      total 77312K, used 9803K [0x0000000795580000, 0x000000079ab80000, 0x00000007c0000000)
  eden space 66560K, 0% used [0x0000000795580000,0x0000000795580000,0x0000000799680000)
  from space 10752K, 91% used [0x000000079a100000,0x000000079aa92f28,0x000000079ab80000)
  to   space 10752K, 0% used [0x0000000799680000,0x0000000799680000,0x000000079a100000)
 ParOldGen       total 87552K, used 22390K [0x0000000740000000, 0x0000000745580000, 0x0000000795580000)
  object space 87552K, 25% used [0x0000000740000000,0x00000007415ddb28,0x0000000745580000)
 Metaspace       used 19522K, capacity 19752K, committed 19968K, reserved 1067008K
  class space    used 2458K, capacity 2531K, committed 2560K, reserved 1048576K
}
Event: 5.509 GC heap before
{Heap before GC invocations=7 (full 0):
 PSYoungGen      total 77312K, used 76363K [0x0000000795580000, 0x000000079ab80000, 0x00000007c0000000)
  eden space 66560K, 100% used [0x0000000795580000,0x0000000799680000,0x0000000799680000)
  from space 10752K, 91% used [0x000000079a100000,0x000000079aa92f28,0x000000079ab80000)
  to   space 10752K, 0% used [0x0000000799680000,0x0000000799680000,0x000000079a100000)
 ParOldGen       total 87552K, used 22390K [0x0000000740000000, 0x0000000745580000, 0x0000000795580000)
  object space 87552K, 25% used [0x0000000740000000,0x00000007415ddb28,0x0000000745580000)
 Metaspace       used 19523K, capacity 19752K, committed 19968K, reserved 1067008K
  class space    used 2458K, capacity 2531K, committed 2560K, reserved 1048576K
Event: 5.526 GC heap after
Heap after GC invocations=7 (full 0):
 PSYoungGen      total 77312K, used 10742K [0x0000000795580000, 0x000000079f180000, 0x00000007c0000000)
  eden space 66560K, 0% used [0x0000000795580000,0x0000000795580000,0x0000000799680000)
  from space 10752K, 99% used [0x0000000799680000,0x000000079a0fd8f0,0x000000079a100000)
  to   space 13312K, 0% used [0x000000079e480000,0x000000079e480000,0x000000079f180000)
 ParOldGen       total 87552K, used 26617K [0x0000000740000000, 0x0000000745580000, 0x0000000795580000)
  object space 87552K, 30% used [0x0000000740000000,0x00000007419fe6b0,0x0000000745580000)
 Metaspace       used 19523K, capacity 19752K, committed 19968K, reserved 1067008K
  class space    used 2458K, capacity 2531K, committed 2560K, reserved 1048576K
}
Event: 5.919 GC heap before
{Heap before GC invocations=8 (full 0):
 PSYoungGen      total 77312K, used 77302K [0x0000000795580000, 0x000000079f180000, 0x00000007c0000000)
  eden space 66560K, 100% used [0x0000000795580000,0x0000000799680000,0x0000000799680000)
  from space 10752K, 99% used [0x0000000799680000,0x000000079a0fd8f0,0x000000079a100000)
  to   space 13312K, 0% used [0x000000079e480000,0x000000079e480000,0x000000079f180000)
 ParOldGen       total 87552K, used 26617K [0x0000000740000000, 0x0000000745580000, 0x0000000795580000)
  object space 87552K, 30% used [0x0000000740000000,0x00000007419fe6b0,0x0000000745580000)
 Metaspace       used 19523K, capacity 19752K, committed 19968K, reserved 1067008K
  class space    used 2458K, capacity 2531K, committed 2560K, reserved 1048576K
Event: 5.931 GC heap after
Heap after GC invocations=8 (full 0):
 PSYoungGen      total 146432K, used 11003K [0x0000000795580000, 0x000000079f180000, 0x00000007c0000000)
  eden space 133120K, 0% used [0x0000000795580000,0x0000000795580000,0x000000079d780000)
  from space 13312K, 82% used [0x000000079e480000,0x000000079ef3eeb0,0x000000079f180000)
  to   space 13312K, 0% used [0x000000079d780000,0x000000079d780000,0x000000079e480000)
 ParOldGen       total 87552K, used 27345K [0x0000000740000000, 0x0000000745580000, 0x0000000795580000)
  object space 87552K, 31% used [0x0000000740000000,0x0000000741ab46b0,0x0000000745580000)
 Metaspace       used 19523K, capacity 19752K, committed 19968K, reserved 1067008K
  class space    used 2458K, capacity 2531K, committed 2560K, reserved 1048576K
}
Event: 7.531 GC heap before
{Heap before GC invocations=9 (full 0):
 PSYoungGen      total 146432K, used 139681K [0x0000000795580000, 0x000000079f180000, 0x00000007c0000000)
  eden space 133120K, 96% used [0x0000000795580000,0x000000079d329850,0x000000079d780000)
  from space 13312K, 82% used [0x000000079e480000,0x000000079ef3eeb0,0x000000079f180000)
  to   space 13312K, 0% used [0x000000079d780000,0x000000079d780000,0x000000079e480000)
 ParOldGen       total 87552K, used 27345K [0x0000000740000000, 0x0000000745580000, 0x0000000795580000)
  object space 87552K, 31% used [0x0000000740000000,0x0000000741ab46b0,0x0000000745580000)
 Metaspace       used 20907K, capacity 21070K, committed 21248K, reserved 1067008K
  class space    used 2645K, capacity 2692K, committed 2816K, reserved 1048576K
Event: 7.554 GC heap after
Heap after GC invocations=9 (full 0):
 PSYoungGen      total 146432K, used 13287K [0x0000000795580000, 0x00000007a4680000, 0x00000007c0000000)
  eden space 133120K, 0% used [0x0000000795580000,0x0000000795580000,0x000000079d780000)
  from space 13312K, 99% used [0x000000079d780000,0x000000079e479d90,0x000000079e480000)
  to   space 16896K, 0% used [0x00000007a3600000,0x00000007a3600000,0x00000007a4680000)
 ParOldGen       total 87552K, used 34016K [0x0000000740000000, 0x0000000745580000, 0x0000000795580000)
  object space 87552K, 38% used [0x0000000740000000,0x00000007421381d8,0x0000000745580000)
 Metaspace       used 20907K, capacity 21070K, committed 21248K, reserved 1067008K
  class space    used 2645K, capacity 2692K, committed 2816K, reserved 1048576K
}
Event: 7.554 GC heap before
{Heap before GC invocations=10 (full 1):
 PSYoungGen      total 146432K, used 13287K [0x0000000795580000, 0x00000007a4680000, 0x00000007c0000000)
  eden space 133120K, 0% used [0x0000000795580000,0x0000000795580000,0x000000079d780000)
  from space 13312K, 99% used [0x000000079d780000,0x000000079e479d90,0x000000079e480000)
  to   space 16896K, 0% used [0x00000007a3600000,0x00000007a3600000,0x00000007a4680000)
 ParOldGen       total 87552K, used 34016K [0x0000000740000000, 0x0000000745580000, 0x0000000795580000)
  object space 87552K, 38% used [0x0000000740000000,0x00000007421381d8,0x0000000745580000)
 Metaspace       used 20907K, capacity 21070K, committed 21248K, reserved 1067008K
  class space    used 2645K, capacity 2692K, committed 2816K, reserved 1048576K
Event: 7.623 GC heap after
Heap after GC invocations=10 (full 1):
 PSYoungGen      total 146432K, used 0K [0x0000000795580000, 0x00000007a4680000, 0x00000007c0000000)
  eden space 133120K, 0% used [0x0000000795580000,0x0000000795580000,0x000000079d780000)
  from space 13312K, 0% used [0x000000079d780000,0x000000079d780000,0x000000079e480000)
  to   space 16896K, 0% used [0x00000007a3600000,0x00000007a3600000,0x00000007a4680000)
 ParOldGen       total 70144K, used 21351K [0x0000000740000000, 0x0000000744480000, 0x0000000795580000)
  object space 70144K, 30% used [0x0000000740000000,0x00000007414d9c90,0x0000000744480000)
 Metaspace       used 20907K, capacity 21070K, committed 21248K, reserved 1067008K
  class space    used 2645K, capacity 2692K, committed 2816K, reserved 1048576K
}

