# JRE version: Java(TM) SE Runtime Environment (8.0_71-b15) (build 1.8.0_71-b15)
# Java VM: Java HotSpot(TM) 64-Bit Server VM (25.71-b15 mixed mode bsd-amd64 compressed oops)
Heap:
 PSYoungGen      total 229888K, used 170449K [0x0000000795580000, 0x00000007ac900000, 0x00000007c0000000)
  eden space 211456K, 71% used [0x0000000795580000,0x000000079e9f85d0,0x00000007a2400000)
  from space 18432K, 99% used [0x00000007a2400000,0x00000007a35fbe80,0x00000007a3600000)
  to   space 28672K, 0% used [0x00000007aad00000,0x00000007aad00000,0x00000007ac900000)
 ParOldGen       total 49664K, used 28283K [0x0000000740000000, 0x0000000743080000, 0x0000000795580000)
  object space 49664K, 56% used [0x0000000740000000,0x0000000741b9ecb8,0x0000000743080000)
 Metaspace       used 33309K, capacity 33698K, committed 33920K, reserved 1079296K
  class space    used 4329K, capacity 4440K, committed 4480K, reserved 1048576K
GC Heap History (10 events):
Event: 6.781 GC heap before
{Heap before GC invocations=8 (full 0):
 PSYoungGen      total 77312K, used 77281K [0x0000000795580000, 0x000000079f180000, 0x00000007c0000000)
  eden space 66560K, 100% used [0x0000000795580000,0x0000000799680000,0x0000000799680000)
  from space 10752K, 99% used [0x0000000799680000,0x000000079a0f8608,0x000000079a100000)
  to   space 13312K, 0% used [0x000000079e480000,0x000000079e480000,0x000000079f180000)
 ParOldGen       total 87552K, used 26678K [0x0000000740000000, 0x0000000745580000, 0x0000000795580000)
  object space 87552K, 30% used [0x0000000740000000,0x0000000741a0d910,0x0000000745580000)
 Metaspace       used 19563K, capacity 19752K, committed 19968K, reserved 1067008K
  class space    used 2458K, capacity 2531K, committed 2560K, reserved 1048576K
Event: 6.793 GC heap after
Heap after GC invocations=8 (full 0):
 PSYoungGen      total 146432K, used 10921K [0x0000000795580000, 0x000000079f180000, 0x00000007c0000000)
  eden space 133120K, 0% used [0x0000000795580000,0x0000000795580000,0x000000079d780000)
  from space 13312K, 82% used [0x000000079e480000,0x000000079ef2a688,0x000000079f180000)
  to   space 13312K, 0% used [0x000000079d780000,0x000000079d780000,0x000000079e480000)
 ParOldGen       total 87552K, used 27374K [0x0000000740000000, 0x0000000745580000, 0x0000000795580000)
  object space 87552K, 31% used [0x0000000740000000,0x0000000741abb910,0x0000000745580000)
 Metaspace       used 19563K, capacity 19752K, committed 19968K, reserved 1067008K
  class space    used 2458K, capacity 2531K, committed 2560K, reserved 1048576K
}
Event: 8.388 GC heap before
{Heap before GC invocations=9 (full 0):
 PSYoungGen      total 146432K, used 144041K [0x0000000795580000, 0x000000079f180000, 0x00000007c0000000)
  eden space 133120K, 100% used [0x0000000795580000,0x000000079d780000,0x000000079d780000)
  from space 13312K, 82% used [0x000000079e480000,0x000000079ef2a688,0x000000079f180000)
  to   space 13312K, 0% used [0x000000079d780000,0x000000079d780000,0x000000079e480000)
 ParOldGen       total 87552K, used 27374K [0x0000000740000000, 0x0000000745580000, 0x0000000795580000)
  object space 87552K, 31% used [0x0000000740000000,0x0000000741abb910,0x0000000745580000)
 Metaspace       used 20716K, capacity 20942K, committed 21248K, reserved 1067008K
  class space    used 2614K, capacity 2692K, committed 2816K, reserved 1048576K
Event: 8.427 GC heap after
Heap after GC invocations=9 (full 0):
 PSYoungGen      total 146432K, used 13284K [0x0000000795580000, 0x00000007a4680000, 0x00000007c0000000)
  eden space 133120K, 0% used [0x0000000795580000,0x0000000795580000,0x000000079d780000)
  from space 13312K, 99% used [0x000000079d780000,0x000000079e479290,0x000000079e480000)
  to   space 16896K, 0% used [0x00000007a3600000,0x00000007a3600000,0x00000007a4680000)
 ParOldGen       total 87552K, used 34570K [0x0000000740000000, 0x0000000745580000, 0x0000000795580000)
  object space 87552K, 39% used [0x0000000740000000,0x00000007421c28f0,0x0000000745580000)
 Metaspace       used 20716K, capacity 20942K, committed 21248K, reserved 1067008K
  class space    used 2614K, capacity 2692K, committed 2816K, reserved 1048576K
}
Event: 8.492 GC heap before
{Heap before GC invocations=10 (full 0):
 PSYoungGen      total 146432K, used 17271K [0x0000000795580000, 0x00000007a4680000, 0x00000007c0000000)
  eden space 133120K, 2% used [0x0000000795580000,0x0000000795964ae0,0x000000079d780000)
  from space 13312K, 99% used [0x000000079d780000,0x000000079e479290,0x000000079e480000)
  to   space 16896K, 0% used [0x00000007a3600000,0x00000007a3600000,0x00000007a4680000)
 ParOldGen       total 87552K, used 34570K [0x0000000740000000, 0x0000000745580000, 0x0000000795580000)
  object space 87552K, 39% used [0x0000000740000000,0x00000007421c28f0,0x0000000745580000)
 Metaspace       used 20918K, capacity 21070K, committed 21248K, reserved 1067008K
  class space    used 2644K, capacity 2692K, committed 2816K, reserved 1048576K
Event: 8.507 GC heap after
Heap after GC invocations=10 (full 0):
 PSYoungGen      total 228352K, used 1616K [0x0000000795580000, 0x00000007a4980000, 0x00000007c0000000)
  eden space 211456K, 0% used [0x0000000795580000,0x0000000795580000,0x00000007a2400000)
  from space 16896K, 9% used [0x00000007a3600000,0x00000007a3794020,0x00000007a4680000)
  to   space 18432K, 0% used [0x00000007a2400000,0x00000007a2400000,0x00000007a3600000)
 ParOldGen       total 87552K, used 35738K [0x0000000740000000, 0x0000000745580000, 0x0000000795580000)
  object space 87552K, 40% used [0x0000000740000000,0x00000007422e6900,0x0000000745580000)
 Metaspace       used 20918K, capacity 21070K, committed 21248K, reserved 1067008K
  class space    used 2644K, capacity 2692K, committed 2816K, reserved 1048576K
}
Event: 8.507 GC heap before
{Heap before GC invocations=11 (full 1):
 PSYoungGen      total 228352K, used 1616K [0x0000000795580000, 0x00000007a4980000, 0x00000007c0000000)
  eden space 211456K, 0% used [0x0000000795580000,0x0000000795580000,0x00000007a2400000)
  from space 16896K, 9% used [0x00000007a3600000,0x00000007a3794020,0x00000007a4680000)
  to   space 18432K, 0% used [0x00000007a2400000,0x00000007a2400000,0x00000007a3600000)
 ParOldGen       total 87552K, used 35738K [0x0000000740000000, 0x0000000745580000, 0x0000000795580000)
  object space 87552K, 40% used [0x0000000740000000,0x00000007422e6900,0x0000000745580000)
 Metaspace       used 20918K, capacity 21070K, committed 21248K, reserved 1067008K
  class space    used 2644K, capacity 2692K, committed 2816K, reserved 1048576K
Event: 8.569 GC heap after
Heap after GC invocations=11 (full 1):
 PSYoungGen      total 228352K, used 0K [0x0000000795580000, 0x00000007a4980000, 0x00000007c0000000)
  eden space 211456K, 0% used [0x0000000795580000,0x0000000795580000,0x00000007a2400000)
  from space 16896K, 0% used [0x00000007a3600000,0x00000007a3600000,0x00000007a4680000)
  to   space 18432K, 0% used [0x00000007a2400000,0x00000007a2400000,0x00000007a3600000)
 ParOldGen       total 49664K, used 5583K [0x0000000740000000, 0x0000000743080000, 0x0000000795580000)
  object space 49664K, 11% used [0x0000000740000000,0x0000000740573da8,0x0000000743080000)
 Metaspace       used 20918K, capacity 21070K, committed 21248K, reserved 1067008K
  class space    used 2644K, capacity 2692K, committed 2816K, reserved 1048576K
}
Event: 36.408 GC heap before
{Heap before GC invocations=12 (full 1):
 PSYoungGen      total 228352K, used 211456K [0x0000000795580000, 0x00000007a4980000, 0x00000007c0000000)
  eden space 211456K, 100% used [0x0000000795580000,0x00000007a2400000,0x00000007a2400000)
  from space 16896K, 0% used [0x00000007a3600000,0x00000007a3600000,0x00000007a4680000)
  to   space 18432K, 0% used [0x00000007a2400000,0x00000007a2400000,0x00000007a3600000)
 ParOldGen       total 49664K, used 5583K [0x0000000740000000, 0x0000000743080000, 0x0000000795580000)
  object space 49664K, 11% used [0x0000000740000000,0x0000000740573da8,0x0000000743080000)
 Metaspace       used 32058K, capacity 32468K, committed 32768K, reserved 1077248K
  class space    used 4197K, capacity 4299K, committed 4352K, reserved 1048576K
Event: 36.474 GC heap after
Heap after GC invocations=12 (full 1):
 PSYoungGen      total 229888K, used 18415K [0x0000000795580000, 0x00000007ac900000, 0x00000007c0000000)
  eden space 211456K, 0% used [0x0000000795580000,0x0000000795580000,0x00000007a2400000)
  from space 18432K, 99% used [0x00000007a2400000,0x00000007a35fbe80,0x00000007a3600000)
  to   space 28672K, 0% used [0x00000007aad00000,0x00000007aad00000,0x00000007ac900000)
 ParOldGen       total 49664K, used 28283K [0x0000000740000000, 0x0000000743080000, 0x0000000795580000)
  object space 49664K, 56% used [0x0000000740000000,0x0000000741b9ecb8,0x0000000743080000)
 Metaspace       used 32058K, capacity 32468K, committed 32768K, reserved 1077248K
  class space    used 4197K, capacity 4299K, committed 4352K, reserved 1048576K
}

