# JRE version: Java(TM) SE Runtime Environment (8.0_71-b15) (build 1.8.0_71-b15)
# Java VM: Java HotSpot(TM) 64-Bit Server VM (25.71-b15 mixed mode bsd-amd64 compressed oops)
Heap:
 PSYoungGen      total 283136K, used 151946K [0x0000000795580000, 0x00000007a7f80000, 0x00000007c0000000)
  eden space 263168K, 57% used [0x0000000795580000,0x000000079e9e2b40,0x00000007a5680000)
  from space 19968K, 0% used [0x00000007a6c00000,0x00000007a6c00000,0x00000007a7f80000)
  to   space 20992K, 0% used [0x00000007a5680000,0x00000007a5680000,0x00000007a6b00000)
 ParOldGen       total 65536K, used 13348K [0x0000000740000000, 0x0000000744000000, 0x0000000795580000)
  object space 65536K, 20% used [0x0000000740000000,0x0000000740d091d8,0x0000000744000000)
 Metaspace       used 31379K, capacity 31720K, committed 31872K, reserved 1077248K
  class space    used 4094K, capacity 4203K, committed 4224K, reserved 1048576K
GC Heap History (10 events):
Event: 5.031 GC heap before
{Heap before GC invocations=5 (full 0):
 PSYoungGen      total 71680K, used 71648K [0x0000000795580000, 0x000000079a080000, 0x00000007c0000000)
  eden space 66560K, 100% used [0x0000000795580000,0x0000000799680000,0x0000000799680000)
  from space 5120K, 99% used [0x0000000799b80000,0x000000079a078040,0x000000079a080000)
  to   space 5120K, 0% used [0x0000000799680000,0x0000000799680000,0x0000000799b80000)
 ParOldGen       total 87552K, used 17526K [0x0000000740000000, 0x0000000745580000, 0x0000000795580000)
  object space 87552K, 20% used [0x0000000740000000,0x000000074111dae8,0x0000000745580000)
 Metaspace       used 19563K, capacity 19740K, committed 19968K, reserved 1067008K
  class space    used 2456K, capacity 2531K, committed 2560K, reserved 1048576K
Event: 5.047 GC heap after
Heap after GC invocations=5 (full 0):
 PSYoungGen      total 71680K, used 5088K [0x0000000795580000, 0x000000079f380000, 0x00000007c0000000)
  eden space 66560K, 0% used [0x0000000795580000,0x0000000795580000,0x0000000799680000)
  from space 5120K, 99% used [0x0000000799680000,0x0000000799b78020,0x0000000799b80000)
  to   space 14336K, 0% used [0x000000079e580000,0x000000079e580000,0x000000079f380000)
 ParOldGen       total 87552K, used 27151K [0x0000000740000000, 0x0000000745580000, 0x0000000795580000)
  object space 87552K, 31% used [0x0000000740000000,0x0000000741a83df8,0x0000000745580000)
 Metaspace       used 19563K, capacity 19740K, committed 19968K, reserved 1067008K
  class space    used 2456K, capacity 2531K, committed 2560K, reserved 1048576K
}
Event: 5.600 GC heap before
{Heap before GC invocations=6 (full 0):
 PSYoungGen      total 71680K, used 71648K [0x0000000795580000, 0x000000079f380000, 0x00000007c0000000)
  eden space 66560K, 100% used [0x0000000795580000,0x0000000799680000,0x0000000799680000)
  from space 5120K, 99% used [0x0000000799680000,0x0000000799b78020,0x0000000799b80000)
  to   space 14336K, 0% used [0x000000079e580000,0x000000079e580000,0x000000079f380000)
 ParOldGen       total 87552K, used 27151K [0x0000000740000000, 0x0000000745580000, 0x0000000795580000)
  object space 87552K, 31% used [0x0000000740000000,0x0000000741a83df8,0x0000000745580000)
 Metaspace       used 19565K, capacity 19740K, committed 19968K, reserved 1067008K
  class space    used 2456K, capacity 2531K, committed 2560K, reserved 1048576K
Event: 5.621 GC heap after
Heap after GC invocations=6 (full 0):
 PSYoungGen      total 145920K, used 14306K [0x0000000795580000, 0x000000079f680000, 0x00000007c0000000)
  eden space 131584K, 0% used [0x0000000795580000,0x0000000795580000,0x000000079d600000)
  from space 14336K, 99% used [0x000000079e580000,0x000000079f3789d0,0x000000079f380000)
  to   space 15872K, 0% used [0x000000079d600000,0x000000079d600000,0x000000079e580000)
 ParOldGen       total 87552K, used 27461K [0x0000000740000000, 0x0000000745580000, 0x0000000795580000)
  object space 87552K, 31% used [0x0000000740000000,0x0000000741ad16b0,0x0000000745580000)
 Metaspace       used 19565K, capacity 19740K, committed 19968K, reserved 1067008K
  class space    used 2456K, capacity 2531K, committed 2560K, reserved 1048576K
}
Event: 6.565 GC heap before
{Heap before GC invocations=7 (full 0):
 PSYoungGen      total 145920K, used 145890K [0x0000000795580000, 0x000000079f680000, 0x00000007c0000000)
  eden space 131584K, 100% used [0x0000000795580000,0x000000079d600000,0x000000079d600000)
  from space 14336K, 99% used [0x000000079e580000,0x000000079f3789d0,0x000000079f380000)
  to   space 15872K, 0% used [0x000000079d600000,0x000000079d600000,0x000000079e580000)
 ParOldGen       total 87552K, used 27461K [0x0000000740000000, 0x0000000745580000, 0x0000000795580000)
  object space 87552K, 31% used [0x0000000740000000,0x0000000741ad16b0,0x0000000745580000)
 Metaspace       used 19565K, capacity 19740K, committed 19968K, reserved 1067008K
  class space    used 2456K, capacity 2531K, committed 2560K, reserved 1048576K
Event: 6.606 GC heap after
Heap after GC invocations=7 (full 0):
 PSYoungGen      total 147456K, used 15847K [0x0000000795580000, 0x00000007a8180000, 0x00000007c0000000)
  eden space 131584K, 0% used [0x0000000795580000,0x0000000795580000,0x000000079d600000)
  from space 15872K, 99% used [0x000000079d600000,0x000000079e579ee8,0x000000079e580000)
  to   space 22016K, 0% used [0x00000007a6c00000,0x00000007a6c00000,0x00000007a8180000)
 ParOldGen       total 87552K, used 35909K [0x0000000740000000, 0x0000000745580000, 0x0000000795580000)
  object space 87552K, 41% used [0x0000000740000000,0x0000000742311748,0x0000000745580000)
 Metaspace       used 19565K, capacity 19740K, committed 19968K, reserved 1067008K
  class space    used 2456K, capacity 2531K, committed 2560K, reserved 1048576K
}
Event: 7.405 GC heap before
{Heap before GC invocations=8 (full 0):
 PSYoungGen      total 147456K, used 79902K [0x0000000795580000, 0x00000007a8180000, 0x00000007c0000000)
  eden space 131584K, 48% used [0x0000000795580000,0x000000079940dc48,0x000000079d600000)
  from space 15872K, 99% used [0x000000079d600000,0x000000079e579ee8,0x000000079e580000)
  to   space 22016K, 0% used [0x00000007a6c00000,0x00000007a6c00000,0x00000007a8180000)
 ParOldGen       total 87552K, used 35909K [0x0000000740000000, 0x0000000745580000, 0x0000000795580000)
  object space 87552K, 41% used [0x0000000740000000,0x0000000742311748,0x0000000745580000)
 Metaspace       used 20883K, capacity 21058K, committed 21248K, reserved 1067008K
  class space    used 2634K, capacity 2692K, committed 2816K, reserved 1048576K
Event: 7.419 GC heap after
Heap after GC invocations=8 (full 0):
 PSYoungGen      total 283136K, used 11331K [0x0000000795580000, 0x00000007a7f80000, 0x00000007c0000000)
  eden space 263168K, 0% used [0x0000000795580000,0x0000000795580000,0x00000007a5680000)
  from space 19968K, 56% used [0x00000007a6c00000,0x00000007a7710d60,0x00000007a7f80000)
  to   space 20992K, 0% used [0x00000007a5680000,0x00000007a5680000,0x00000007a6b00000)
 ParOldGen       total 87552K, used 36445K [0x0000000740000000, 0x0000000745580000, 0x0000000795580000)
  object space 87552K, 41% used [0x0000000740000000,0x0000000742397748,0x0000000745580000)
 Metaspace       used 20883K, capacity 21058K, committed 21248K, reserved 1067008K
  class space    used 2634K, capacity 2692K, committed 2816K, reserved 1048576K
}
Event: 7.419 GC heap before
{Heap before GC invocations=9 (full 1):
 PSYoungGen      total 283136K, used 11331K [0x0000000795580000, 0x00000007a7f80000, 0x00000007c0000000)
  eden space 263168K, 0% used [0x0000000795580000,0x0000000795580000,0x00000007a5680000)
  from space 19968K, 56% used [0x00000007a6c00000,0x00000007a7710d60,0x00000007a7f80000)
  to   space 20992K, 0% used [0x00000007a5680000,0x00000007a5680000,0x00000007a6b00000)
 ParOldGen       total 87552K, used 36445K [0x0000000740000000, 0x0000000745580000, 0x0000000795580000)
  object space 87552K, 41% used [0x0000000740000000,0x0000000742397748,0x0000000745580000)
 Metaspace       used 20883K, capacity 21058K, committed 21248K, reserved 1067008K
  class space    used 2634K, capacity 2692K, committed 2816K, reserved 1048576K
Event: 7.477 GC heap after
Heap after GC invocations=9 (full 1):
 PSYoungGen      total 283136K, used 0K [0x0000000795580000, 0x00000007a7f80000, 0x00000007c0000000)
  eden space 263168K, 0% used [0x0000000795580000,0x0000000795580000,0x00000007a5680000)
  from space 19968K, 0% used [0x00000007a6c00000,0x00000007a6c00000,0x00000007a7f80000)
  to   space 20992K, 0% used [0x00000007a5680000,0x00000007a5680000,0x00000007a6b00000)
 ParOldGen       total 65536K, used 13348K [0x0000000740000000, 0x0000000744000000, 0x0000000795580000)
  object space 65536K, 20% used [0x0000000740000000,0x0000000740d091d8,0x0000000744000000)
 Metaspace       used 20883K, capacity 21058K, committed 21248K, reserved 1067008K
  class space    used 2634K, capacity 2692K, committed 2816K, reserved 1048576K
}

