# JRE version: Java(TM) SE Runtime Environment (8.0_71-b15) (build 1.8.0_71-b15)
# Java VM: Java HotSpot(TM) 64-Bit Server VM (25.71-b15 mixed mode bsd-amd64 compressed oops)
Heap:
 PSYoungGen      total 346112K, used 119113K [0x0000000795580000, 0x00000007b7a00000, 0x00000007c0000000)
  eden space 306176K, 25% used [0x0000000795580000,0x000000079a2d48e8,0x00000007a8080000)
  from space 39936K, 99% used [0x00000007a8080000,0x00000007aa77dd60,0x00000007aa780000)
  to   space 48128K, 0% used [0x00000007b4b00000,0x00000007b4b00000,0x00000007b7a00000)
 ParOldGen       total 112640K, used 54455K [0x0000000740000000, 0x0000000746e00000, 0x0000000795580000)
  object space 112640K, 48% used [0x0000000740000000,0x000000074352de68,0x0000000746e00000)
 Metaspace       used 35036K, capacity 35388K, committed 35712K, reserved 1081344K
  class space    used 4521K, capacity 4615K, committed 4736K, reserved 1048576K
GC Heap History (10 events):
Event: 8.267 GC heap before
{Heap before GC invocations=11 (full 1):
 PSYoungGen      total 229376K, used 1536K [0x0000000795580000, 0x00000007a4980000, 0x00000007c0000000)
  eden space 211968K, 0% used [0x0000000795580000,0x0000000795580000,0x00000007a2480000)
  from space 17408K, 8% used [0x00000007a3680000,0x00000007a3800010,0x00000007a4780000)
  to   space 18432K, 0% used [0x00000007a2480000,0x00000007a2480000,0x00000007a3680000)
 ParOldGen       total 87552K, used 35716K [0x0000000740000000, 0x0000000745580000, 0x0000000795580000)
  object space 87552K, 40% used [0x0000000740000000,0x00000007422e1188,0x0000000745580000)
 Metaspace       used 20906K, capacity 21070K, committed 21248K, reserved 1067008K
  class space    used 2644K, capacity 2692K, committed 2816K, reserved 1048576K
Event: 8.351 GC heap after
Heap after GC invocations=11 (full 1):
 PSYoungGen      total 229376K, used 0K [0x0000000795580000, 0x00000007a4980000, 0x00000007c0000000)
  eden space 211968K, 0% used [0x0000000795580000,0x0000000795580000,0x00000007a2480000)
  from space 17408K, 0% used [0x00000007a3680000,0x00000007a3680000,0x00000007a4780000)
  to   space 18432K, 0% used [0x00000007a2480000,0x00000007a2480000,0x00000007a3680000)
 ParOldGen       total 52224K, used 5550K [0x0000000740000000, 0x0000000743300000, 0x0000000795580000)
  object space 52224K, 10% used [0x0000000740000000,0x000000074056bbb8,0x0000000743300000)
 Metaspace       used 20906K, capacity 21070K, committed 21248K, reserved 1067008K
  class space    used 2644K, capacity 2692K, committed 2816K, reserved 1048576K
}
Event: 25.872 GC heap before
{Heap before GC invocations=12 (full 1):
 PSYoungGen      total 229376K, used 211968K [0x0000000795580000, 0x00000007a4980000, 0x00000007c0000000)
  eden space 211968K, 100% used [0x0000000795580000,0x00000007a2480000,0x00000007a2480000)
  from space 17408K, 0% used [0x00000007a3680000,0x00000007a3680000,0x00000007a4780000)
  to   space 18432K, 0% used [0x00000007a2480000,0x00000007a2480000,0x00000007a3680000)
 ParOldGen       total 52224K, used 5550K [0x0000000740000000, 0x0000000743300000, 0x0000000795580000)
  object space 52224K, 10% used [0x0000000740000000,0x000000074056bbb8,0x0000000743300000)
 Metaspace       used 31541K, capacity 31920K, committed 32256K, reserved 1077248K
  class space    used 4124K, capacity 4229K, committed 4352K, reserved 1048576K
Event: 25.954 GC heap after
Heap after GC invocations=12 (full 1):
 PSYoungGen      total 230400K, used 18422K [0x0000000795580000, 0x00000007ac480000, 0x00000007c0000000)
  eden space 211968K, 0% used [0x0000000795580000,0x0000000795580000,0x00000007a2480000)
  from space 18432K, 99% used [0x00000007a2480000,0x00000007a367db80,0x00000007a3680000)
  to   space 29696K, 0% used [0x00000007aa780000,0x00000007aa780000,0x00000007ac480000)
 ParOldGen       total 52224K, used 29857K [0x0000000740000000, 0x0000000743300000, 0x0000000795580000)
  object space 52224K, 57% used [0x0000000740000000,0x0000000741d28438,0x0000000743300000)
 Metaspace       used 31541K, capacity 31920K, committed 32256K, reserved 1077248K
  class space    used 4124K, capacity 4229K, committed 4352K, reserved 1048576K
}
Event: 76.378 GC heap before
{Heap before GC invocations=13 (full 1):
 PSYoungGen      total 230400K, used 230390K [0x0000000795580000, 0x00000007ac480000, 0x00000007c0000000)
  eden space 211968K, 100% used [0x0000000795580000,0x00000007a2480000,0x00000007a2480000)
  from space 18432K, 99% used [0x00000007a2480000,0x00000007a367db80,0x00000007a3680000)
  to   space 29696K, 0% used [0x00000007aa780000,0x00000007aa780000,0x00000007ac480000)
 ParOldGen       total 52224K, used 29857K [0x0000000740000000, 0x0000000743300000, 0x0000000795580000)
  object space 52224K, 57% used [0x0000000740000000,0x0000000741d28438,0x0000000743300000)
 Metaspace       used 34600K, capacity 34902K, committed 35072K, reserved 1079296K
  class space    used 4500K, capacity 4582K, committed 4608K, reserved 1048576K
Event: 76.442 GC heap after
Heap after GC invocations=13 (full 1):
 PSYoungGen      total 335872K, used 29684K [0x0000000795580000, 0x00000007ad300000, 0x00000007c0000000)
  eden space 306176K, 0% used [0x0000000795580000,0x0000000795580000,0x00000007a8080000)
  from space 29696K, 99% used [0x00000007aa780000,0x00000007ac47d090,0x00000007ac480000)
  to   space 39936K, 0% used [0x00000007a8080000,0x00000007a8080000,0x00000007aa780000)
 ParOldGen       total 52224K, used 46924K [0x0000000740000000, 0x0000000743300000, 0x0000000795580000)
  object space 52224K, 89% used [0x0000000740000000,0x0000000742dd3010,0x0000000743300000)
 Metaspace       used 34600K, capacity 34902K, committed 35072K, reserved 1079296K
  class space    used 4500K, capacity 4582K, committed 4608K, reserved 1048576K
}
Event: 76.442 GC heap before
{Heap before GC invocations=14 (full 2):
 PSYoungGen      total 335872K, used 29684K [0x0000000795580000, 0x00000007ad300000, 0x00000007c0000000)
  eden space 306176K, 0% used [0x0000000795580000,0x0000000795580000,0x00000007a8080000)
  from space 29696K, 99% used [0x00000007aa780000,0x00000007ac47d090,0x00000007ac480000)
  to   space 39936K, 0% used [0x00000007a8080000,0x00000007a8080000,0x00000007aa780000)
 ParOldGen       total 52224K, used 46924K [0x0000000740000000, 0x0000000743300000, 0x0000000795580000)
  object space 52224K, 89% used [0x0000000740000000,0x0000000742dd3010,0x0000000743300000)
 Metaspace       used 34600K, capacity 34902K, committed 35072K, reserved 1079296K
  class space    used 4500K, capacity 4582K, committed 4608K, reserved 1048576K
Event: 76.531 GC heap after
Heap after GC invocations=14 (full 2):
 PSYoungGen      total 335872K, used 0K [0x0000000795580000, 0x00000007ad300000, 0x00000007c0000000)
  eden space 306176K, 0% used [0x0000000795580000,0x0000000795580000,0x00000007a8080000)
  from space 29696K, 0% used [0x00000007aa780000,0x00000007aa780000,0x00000007ac480000)
  to   space 39936K, 0% used [0x00000007a8080000,0x00000007a8080000,0x00000007aa780000)
 ParOldGen       total 112640K, used 50000K [0x0000000740000000, 0x0000000746e00000, 0x0000000795580000)
  object space 112640K, 44% used [0x0000000740000000,0x00000007430d40f8,0x0000000746e00000)
 Metaspace       used 34600K, capacity 34902K, committed 35072K, reserved 1079296K
  class space    used 4500K, capacity 4582K, committed 4608K, reserved 1048576K
}
Event: 78.132 GC heap before
{Heap before GC invocations=15 (full 2):
 PSYoungGen      total 335872K, used 306176K [0x0000000795580000, 0x00000007ad300000, 0x00000007c0000000)
  eden space 306176K, 100% used [0x0000000795580000,0x00000007a8080000,0x00000007a8080000)
  from space 29696K, 0% used [0x00000007aa780000,0x00000007aa780000,0x00000007ac480000)
  to   space 39936K, 0% used [0x00000007a8080000,0x00000007a8080000,0x00000007aa780000)
 ParOldGen       total 112640K, used 50000K [0x0000000740000000, 0x0000000746e00000, 0x0000000795580000)
  object space 112640K, 44% used [0x0000000740000000,0x00000007430d40f8,0x0000000746e00000)
 Metaspace       used 34601K, capacity 34902K, committed 35072K, reserved 1079296K
  class space    used 4500K, capacity 4582K, committed 4608K, reserved 1048576K
Event: 78.209 GC heap after
Heap after GC invocations=15 (full 2):
 PSYoungGen      total 346112K, used 39927K [0x0000000795580000, 0x00000007b7a00000, 0x00000007c0000000)
  eden space 306176K, 0% used [0x0000000795580000,0x0000000795580000,0x00000007a8080000)
  from space 39936K, 99% used [0x00000007a8080000,0x00000007aa77dd60,0x00000007aa780000)
  to   space 48128K, 0% used [0x00000007b4b00000,0x00000007b4b00000,0x00000007b7a00000)
 ParOldGen       total 112640K, used 54455K [0x0000000740000000, 0x0000000746e00000, 0x0000000795580000)
  object space 112640K, 48% used [0x0000000740000000,0x000000074352de68,0x0000000746e00000)
 Metaspace       used 34601K, capacity 34902K, committed 35072K, reserved 1079296K
  class space    used 4500K, capacity 4582K, committed 4608K, reserved 1048576K
}

