# JRE version: Java(TM) SE Runtime Environment (8.0_71-b15) (build 1.8.0_71-b15)
# Java VM: Java HotSpot(TM) 64-Bit Server VM (25.71-b15 mixed mode bsd-amd64 compressed oops)
Heap:
 PSYoungGen      total 410112K, used 111901K [0x0000000795580000, 0x00000007b0f00000, 0x00000007c0000000)
  eden space 382464K, 22% used [0x0000000795580000,0x000000079a7cd4c0,0x00000007acb00000)
  from space 27648K, 99% used [0x00000007aed00000,0x00000007b07fa098,0x00000007b0800000)
  to   space 34816K, 0% used [0x00000007acb00000,0x00000007acb00000,0x00000007aed00000)
 ParOldGen       total 64512K, used 34438K [0x0000000740000000, 0x0000000743f00000, 0x0000000795580000)
  object space 64512K, 53% used [0x0000000740000000,0x00000007421a1bf8,0x0000000743f00000)
 Metaspace       used 33660K, capacity 33984K, committed 34176K, reserved 1079296K
  class space    used 4339K, capacity 4461K, committed 4480K, reserved 1048576K
GC Heap History (10 events):
Event: 6.051 GC heap before
{Heap before GC invocations=7 (full 0):
 PSYoungGen      total 145920K, used 145914K [0x0000000795580000, 0x000000079f680000, 0x00000007c0000000)
  eden space 131584K, 100% used [0x0000000795580000,0x000000079d600000,0x000000079d600000)
  from space 14336K, 99% used [0x000000079e580000,0x000000079f37ea90,0x000000079f380000)
  to   space 15872K, 0% used [0x000000079d600000,0x000000079d600000,0x000000079e580000)
 ParOldGen       total 87552K, used 27535K [0x0000000740000000, 0x0000000745580000, 0x0000000795580000)
  object space 87552K, 31% used [0x0000000740000000,0x0000000741ae3c28,0x0000000745580000)
 Metaspace       used 19546K, capacity 19752K, committed 19968K, reserved 1067008K
  class space    used 2458K, capacity 2531K, committed 2560K, reserved 1048576K
Event: 6.085 GC heap after
Heap after GC invocations=7 (full 0):
 PSYoungGen      total 147456K, used 15869K [0x0000000795580000, 0x00000007a8180000, 0x00000007c0000000)
  eden space 131584K, 0% used [0x0000000795580000,0x0000000795580000,0x000000079d600000)
  from space 15872K, 99% used [0x000000079d600000,0x000000079e57f690,0x000000079e580000)
  to   space 22016K, 0% used [0x00000007a6c00000,0x00000007a6c00000,0x00000007a8180000)
 ParOldGen       total 87552K, used 35982K [0x0000000740000000, 0x0000000745580000, 0x0000000795580000)
  object space 87552K, 41% used [0x0000000740000000,0x0000000742323b60,0x0000000745580000)
 Metaspace       used 19546K, capacity 19752K, committed 19968K, reserved 1067008K
  class space    used 2458K, capacity 2531K, committed 2560K, reserved 1048576K
}
Event: 6.824 GC heap before
{Heap before GC invocations=8 (full 0):
 PSYoungGen      total 147456K, used 85101K [0x0000000795580000, 0x00000007a8180000, 0x00000007c0000000)
  eden space 131584K, 52% used [0x0000000795580000,0x000000079991bda8,0x000000079d600000)
  from space 15872K, 99% used [0x000000079d600000,0x000000079e57f690,0x000000079e580000)
  to   space 22016K, 0% used [0x00000007a6c00000,0x00000007a6c00000,0x00000007a8180000)
 ParOldGen       total 87552K, used 35982K [0x0000000740000000, 0x0000000745580000, 0x0000000795580000)
  object space 87552K, 41% used [0x0000000740000000,0x0000000742323b60,0x0000000745580000)
 Metaspace       used 20911K, capacity 21070K, committed 21248K, reserved 1067008K
  class space    used 2644K, capacity 2692K, committed 2816K, reserved 1048576K
Event: 6.840 GC heap after
Heap after GC invocations=8 (full 0):
 PSYoungGen      total 283136K, used 12052K [0x0000000795580000, 0x00000007a7f80000, 0x00000007c0000000)
  eden space 263168K, 0% used [0x0000000795580000,0x0000000795580000,0x00000007a5680000)
  from space 19968K, 60% used [0x00000007a6c00000,0x00000007a77c50f0,0x00000007a7f80000)
  to   space 20992K, 0% used [0x00000007a5680000,0x00000007a5680000,0x00000007a6b00000)
 ParOldGen       total 87552K, used 36618K [0x0000000740000000, 0x0000000745580000, 0x0000000795580000)
  object space 87552K, 41% used [0x0000000740000000,0x00000007423c2b70,0x0000000745580000)
 Metaspace       used 20911K, capacity 21070K, committed 21248K, reserved 1067008K
  class space    used 2644K, capacity 2692K, committed 2816K, reserved 1048576K
}
Event: 6.840 GC heap before
{Heap before GC invocations=9 (full 1):
 PSYoungGen      total 283136K, used 12052K [0x0000000795580000, 0x00000007a7f80000, 0x00000007c0000000)
  eden space 263168K, 0% used [0x0000000795580000,0x0000000795580000,0x00000007a5680000)
  from space 19968K, 60% used [0x00000007a6c00000,0x00000007a77c50f0,0x00000007a7f80000)
  to   space 20992K, 0% used [0x00000007a5680000,0x00000007a5680000,0x00000007a6b00000)
 ParOldGen       total 87552K, used 36618K [0x0000000740000000, 0x0000000745580000, 0x0000000795580000)
  object space 87552K, 41% used [0x0000000740000000,0x00000007423c2b70,0x0000000745580000)
 Metaspace       used 20911K, capacity 21070K, committed 21248K, reserved 1067008K
  class space    used 2644K, capacity 2692K, committed 2816K, reserved 1048576K
Event: 6.892 GC heap after
Heap after GC invocations=9 (full 1):
 PSYoungGen      total 283136K, used 0K [0x0000000795580000, 0x00000007a7f80000, 0x00000007c0000000)
  eden space 263168K, 0% used [0x0000000795580000,0x0000000795580000,0x00000007a5680000)
  from space 19968K, 0% used [0x00000007a6c00000,0x00000007a6c00000,0x00000007a7f80000)
  to   space 20992K, 0% used [0x00000007a5680000,0x00000007a5680000,0x00000007a6b00000)
 ParOldGen       total 64512K, used 14006K [0x0000000740000000, 0x0000000743f00000, 0x0000000795580000)
  object space 64512K, 21% used [0x0000000740000000,0x0000000740dada10,0x0000000743f00000)
 Metaspace       used 20911K, capacity 21070K, committed 21248K, reserved 1067008K
  class space    used 2644K, capacity 2692K, committed 2816K, reserved 1048576K
}
Event: 17.052 GC heap before
{Heap before GC invocations=10 (full 1):
 PSYoungGen      total 283136K, used 263168K [0x0000000795580000, 0x00000007a7f80000, 0x00000007c0000000)
  eden space 263168K, 100% used [0x0000000795580000,0x00000007a5680000,0x00000007a5680000)
  from space 19968K, 0% used [0x00000007a6c00000,0x00000007a6c00000,0x00000007a7f80000)
  to   space 20992K, 0% used [0x00000007a5680000,0x00000007a5680000,0x00000007a6b00000)
 ParOldGen       total 64512K, used 14006K [0x0000000740000000, 0x0000000743f00000, 0x0000000795580000)
  object space 64512K, 21% used [0x0000000740000000,0x0000000740dada10,0x0000000743f00000)
 Metaspace       used 29206K, capacity 29468K, committed 29824K, reserved 1075200K
  class space    used 3763K, capacity 3864K, committed 3968K, reserved 1048576K
Event: 17.126 GC heap after
Heap after GC invocations=10 (full 1):
 PSYoungGen      total 284160K, used 20985K [0x0000000795580000, 0x00000007b0800000, 0x00000007c0000000)
  eden space 263168K, 0% used [0x0000000795580000,0x0000000795580000,0x00000007a5680000)
  from space 20992K, 99% used [0x00000007a5680000,0x00000007a6afe6f8,0x00000007a6b00000)
  to   space 27648K, 0% used [0x00000007aed00000,0x00000007aed00000,0x00000007b0800000)
 ParOldGen       total 64512K, used 24452K [0x0000000740000000, 0x0000000743f00000, 0x0000000795580000)
  object space 64512K, 37% used [0x0000000740000000,0x00000007417e1348,0x0000000743f00000)
 Metaspace       used 29206K, capacity 29468K, committed 29824K, reserved 1075200K
  class space    used 3763K, capacity 3864K, committed 3968K, reserved 1048576K
}
Event: 45.444 GC heap before
{Heap before GC invocations=11 (full 1):
 PSYoungGen      total 284160K, used 284153K [0x0000000795580000, 0x00000007b0800000, 0x00000007c0000000)
  eden space 263168K, 100% used [0x0000000795580000,0x00000007a5680000,0x00000007a5680000)
  from space 20992K, 99% used [0x00000007a5680000,0x00000007a6afe6f8,0x00000007a6b00000)
  to   space 27648K, 0% used [0x00000007aed00000,0x00000007aed00000,0x00000007b0800000)
 ParOldGen       total 64512K, used 24452K [0x0000000740000000, 0x0000000743f00000, 0x0000000795580000)
  object space 64512K, 37% used [0x0000000740000000,0x00000007417e1348,0x0000000743f00000)
 Metaspace       used 29626K, capacity 29896K, committed 30336K, reserved 1075200K
  class space    used 3809K, capacity 3898K, committed 3968K, reserved 1048576K
Event: 45.514 GC heap after
Heap after GC invocations=11 (full 1):
 PSYoungGen      total 410112K, used 27624K [0x0000000795580000, 0x00000007b0f00000, 0x00000007c0000000)
  eden space 382464K, 0% used [0x0000000795580000,0x0000000795580000,0x00000007acb00000)
  from space 27648K, 99% used [0x00000007aed00000,0x00000007b07fa098,0x00000007b0800000)
  to   space 34816K, 0% used [0x00000007acb00000,0x00000007acb00000,0x00000007aed00000)
 ParOldGen       total 64512K, used 34438K [0x0000000740000000, 0x0000000743f00000, 0x0000000795580000)
  object space 64512K, 53% used [0x0000000740000000,0x00000007421a1bf8,0x0000000743f00000)
 Metaspace       used 29626K, capacity 29896K, committed 30336K, reserved 1075200K
  class space    used 3809K, capacity 3898K, committed 3968K, reserved 1048576K
}

